<?xml version="1.0" encoding="UTF-8"?>
<!-- Generated by org.testng.reporters.JUnitXMLReporter -->
<testsuite ignored="0" hostname="DESKTOP-KPBN8SD" failures="0" tests="4" name="Default test" time="65.56" errors="0" timestamp="2025-02-14T19:19:27 IST">
  <testcase classname="seleniumProject.TestComponents.SubmitOrder" name="PurchaseOrder" time="12.949"/>
  <testcase classname="seleniumProject.TestComponents.SubmitOrder" name="PurchaseOrder" time="14.595"/>
  <testcase classname="seleniumProject.TestComponents.SubmitOrder" name="orderValidation" time="0.91"/>
  <testcase classname="seleniumProject.TestComponents.SubmitOrder" name="orderValidation" time="0.956"/>
</testsuite> <!-- Default test -->
