<?xml version="1.0" encoding="UTF-8"?>
<!-- Generated by org.testng.reporters.JUnitXMLReporter -->
<testsuite ignored="0" hostname="DESKTOP-KPBN8SD" failures="0" tests="4" name="SumbitOrder" time="53.482" errors="0" timestamp="2025-02-14T19:22:06 IST">
  <testcase classname="seleniumProject.TestComponents.SubmitOrder" name="PurchaseOrder" time="10.813"/>
  <testcase classname="seleniumProject.TestComponents.SubmitOrder" name="PurchaseOrder" time="10.381"/>
  <testcase classname="seleniumProject.TestComponents.SubmitOrder" name="orderValidation" time="0.761"/>
  <testcase classname="seleniumProject.TestComponents.SubmitOrder" name="orderValidation" time="0.994"/>
</testsuite> <!-- SumbitOrder -->
